<?xml version="1.0" encoding="UTF-8"?>
<!-- Generated by org.testng.reporters.JUnitXMLReporter -->
<testsuite ignored="0" hostname="Aish" failures="1" tests="3" name="Practice page test" time="25.342" errors="0" timestamp="2024-04-01T00:35:37 IST">
  <testcase classname="rahulshettyacademy.Tests.PractisePageObject" name="PractisePageObject" time="7.86">
    <failure type="java.lang.AssertionError" message="expected [true] but found [false]">
      <![CDATA[java.lang.AssertionError: expected [true] but found [false]
at rahulshettyacademy.Tests.PractisePageObject.PractisePageObject(PractisePageObject.java:47)
at java.base/java.util.ArrayList.forEach(ArrayList.java:1596)
at java.base/java.util.concurrent.FutureTask.run(FutureTask.java:317)
at java.base/java.util.concurrent.ThreadPoolExecutor.runWorker(ThreadPoolExecutor.java:1144)
at java.base/java.util.concurrent.ThreadPoolExecutor$Worker.run(ThreadPoolExecutor.java:642)
at java.base/java.lang.Thread.run(Thread.java:1583)
... Removed 19 stack frames]]>
    </failure>
  </testcase> <!-- PractisePageObject -->
  <testcase classname="rahulshettyacademy.Tests.PractisePageObject" name="PractisePageObject" time="8.662"/>
  <testcase classname="rahulshettyacademy.Tests.PractisePageObject" name="OrderHistoryTest" time="0.0">
    <skipped/>
  </testcase> <!-- OrderHistoryTest -->
</testsuite> <!-- Practice page test -->
