<?xml version="1.0" encoding="UTF-8"?>
<testng-results ignored="0" total="3" passed="1" failed="1" skipped="1">
  <reporter-output>
  </reporter-output>
  <suite started-at="2024-04-01T00:35:11 IST" name="Suite" finished-at="2024-04-01T00:35:37 IST" duration-ms="25342">
    <groups>
      <group name="ErrorHandling">
        <method signature="ErrorValidationTest.LoginErrorValidation()[pri:0, instance:rahulshettyacademy.Tests.ErrorValidationTest@8519cb4]" name="LoginErrorValidation" class="rahulshettyacademy.Tests.ErrorValidationTest"/>
      </group> <!-- ErrorHandling -->
      <group name="purchase">
        <method signature="PractisePageObject.PractisePageObject(java.util.HashMap)[pri:0, instance:rahulshettyacademy.Tests.PractisePageObject@51c668e3]" name="PractisePageObject" class="rahulshettyacademy.Tests.PractisePageObject"/>
      </group> <!-- purchase -->
    </groups>
    <test started-at="2024-04-01T00:35:11 IST" name="Practice page test" finished-at="2024-04-01T00:35:37 IST" duration-ms="25342">
      <class name="rahulshettyacademy.Tests.PractisePageObject">
        <test-method is-config="true" signature="launchApplication()[pri:0, instance:rahulshettyacademy.Tests.PractisePageObject@51c668e3]" started-at="2024-04-01T00:35:12 IST" name="launchApplication" finished-at="2024-04-01T00:35:17 IST" duration-ms="5705" status="PASS">
          <reporter-output>
          </reporter-output>
        </test-method> <!-- launchApplication -->
        <test-method signature="PractisePageObject(java.util.HashMap)[pri:0, instance:rahulshettyacademy.Tests.PractisePageObject@51c668e3]" started-at="2024-04-01T00:35:17 IST" name="PractisePageObject" data-provider="getData" finished-at="2024-04-01T00:35:25 IST" duration-ms="7860" status="FAIL">
          <params>
            <param index="0">
              <value>
                <![CDATA[{password=Iampraveen@1, product=ZARA COAT 3, email=praveen@gamil.com}]]>
              </value>
            </param>
          </params>
          <exception class="java.lang.AssertionError">
            <message>
              <![CDATA[expected [true] but found [false]]]>
            </message>
            <full-stacktrace>
              <![CDATA[java.lang.AssertionError: expected [true] but found [false]
at org.testng.Assert.fail(Assert.java:111)
at org.testng.Assert.failNotEquals(Assert.java:1578)
at org.testng.Assert.assertTrue(Assert.java:57)
at org.testng.Assert.assertTrue(Assert.java:67)
at rahulshettyacademy.Tests.PractisePageObject.PractisePageObject(PractisePageObject.java:47)
at java.base/jdk.internal.reflect.DirectMethodHandleAccessor.invoke(DirectMethodHandleAccessor.java:103)
at java.base/java.lang.reflect.Method.invoke(Method.java:580)
at org.testng.internal.invokers.MethodInvocationHelper.invokeMethod(MethodInvocationHelper.java:139)
at org.testng.internal.invokers.TestInvoker.invokeMethod(TestInvoker.java:664)
at org.testng.internal.invokers.TestInvoker.invokeTestMethod(TestInvoker.java:228)
at org.testng.internal.invokers.MethodRunner.runInSequence(MethodRunner.java:63)
at org.testng.internal.invokers.TestInvoker$MethodInvocationAgent.invoke(TestInvoker.java:961)
at org.testng.internal.invokers.TestInvoker.invokeTestMethods(TestInvoker.java:201)
at org.testng.internal.invokers.TestMethodWorker.invokeTestMethods(TestMethodWorker.java:148)
at org.testng.internal.invokers.TestMethodWorker.run(TestMethodWorker.java:128)
at java.base/java.util.ArrayList.forEach(ArrayList.java:1596)
at org.testng.TestRunner.privateRun(TestRunner.java:819)
at org.testng.TestRunner.run(TestRunner.java:619)
at org.testng.SuiteRunner.runTest(SuiteRunner.java:443)
at org.testng.SuiteRunner$SuiteWorker.run(SuiteRunner.java:481)
at org.testng.internal.thread.ThreadUtil.lambda$execute$0(ThreadUtil.java:58)
at java.base/java.util.concurrent.FutureTask.run(FutureTask.java:317)
at java.base/java.util.concurrent.ThreadPoolExecutor.runWorker(ThreadPoolExecutor.java:1144)
at java.base/java.util.concurrent.ThreadPoolExecutor$Worker.run(ThreadPoolExecutor.java:642)
at java.base/java.lang.Thread.run(Thread.java:1583)
]]>
            </full-stacktrace>
          </exception> <!-- java.lang.AssertionError -->
          <reporter-output>
          </reporter-output>
        </test-method> <!-- PractisePageObject -->
        <test-method is-config="true" signature="tearDown()[pri:0, instance:rahulshettyacademy.Tests.PractisePageObject@51c668e3]" started-at="2024-04-01T00:35:25 IST" name="tearDown" finished-at="2024-04-01T00:35:26 IST" duration-ms="246" status="PASS">
          <reporter-output>
          </reporter-output>
        </test-method> <!-- tearDown -->
        <test-method is-config="true" signature="launchApplication()[pri:0, instance:rahulshettyacademy.Tests.PractisePageObject@51c668e3]" started-at="2024-04-01T00:35:26 IST" name="launchApplication" finished-at="2024-04-01T00:35:28 IST" duration-ms="2005" status="PASS">
          <reporter-output>
          </reporter-output>
        </test-method> <!-- launchApplication -->
        <test-method signature="PractisePageObject(java.util.HashMap)[pri:0, instance:rahulshettyacademy.Tests.PractisePageObject@51c668e3]" started-at="2024-04-01T00:35:28 IST" name="PractisePageObject" data-provider="getData" finished-at="2024-04-01T00:35:36 IST" duration-ms="8662" status="PASS">
          <params>
            <param index="0">
              <value>
                <![CDATA[{password=Swetha@7358, product=ADIDAS ORIGINAL, email=swethas@gmail.com}]]>
              </value>
            </param>
          </params>
          <reporter-output>
          </reporter-output>
        </test-method> <!-- PractisePageObject -->
        <test-method is-config="true" signature="tearDown()[pri:0, instance:rahulshettyacademy.Tests.PractisePageObject@51c668e3]" started-at="2024-04-01T00:35:36 IST" name="tearDown" finished-at="2024-04-01T00:35:37 IST" duration-ms="363" status="PASS">
          <reporter-output>
          </reporter-output>
        </test-method> <!-- tearDown -->
        <test-method signature="OrderHistoryTest()[pri:0, instance:rahulshettyacademy.Tests.PractisePageObject@51c668e3]" started-at="2024-04-01T00:35:37 IST" name="OrderHistoryTest" finished-at="2024-04-01T00:35:37 IST" depends-on-methods="rahulshettyacademy.Tests.PractisePageObject.PractisePageObject" duration-ms="0" status="SKIP">
          <exception class="java.lang.Throwable">
            <message>
              <![CDATA[Method rahulshettyacademy.Tests.PractisePageObject.OrderHistoryTest() on instance rahulshettyacademy.Tests.PractisePageObject@51c668e3 depends on not successfully finished methods 
[rahulshettyacademy.Tests.PractisePageObject.PractisePageObject() on instance rahulshettyacademy.Tests.PractisePageObject@51c668e3]]]>
            </message>
            <full-stacktrace>
              <![CDATA[java.lang.Throwable: Method rahulshettyacademy.Tests.PractisePageObject.OrderHistoryTest() on instance rahulshettyacademy.Tests.PractisePageObject@51c668e3 depends on not successfully finished methods 
[rahulshettyacademy.Tests.PractisePageObject.PractisePageObject() on instance rahulshettyacademy.Tests.PractisePageObject@51c668e3]
at org.testng.internal.invokers.TestInvoker.invokeTestMethods(TestInvoker.java:157)
at org.testng.internal.invokers.TestMethodWorker.invokeTestMethods(TestMethodWorker.java:148)
at org.testng.internal.invokers.TestMethodWorker.run(TestMethodWorker.java:128)
at java.base/java.util.ArrayList.forEach(ArrayList.java:1596)
at org.testng.TestRunner.privateRun(TestRunner.java:819)
at org.testng.TestRunner.run(TestRunner.java:619)
at org.testng.SuiteRunner.runTest(SuiteRunner.java:443)
at org.testng.SuiteRunner$SuiteWorker.run(SuiteRunner.java:481)
at org.testng.internal.thread.ThreadUtil.lambda$execute$0(ThreadUtil.java:58)
at java.base/java.util.concurrent.FutureTask.run(FutureTask.java:317)
at java.base/java.util.concurrent.ThreadPoolExecutor.runWorker(ThreadPoolExecutor.java:1144)
at java.base/java.util.concurrent.ThreadPoolExecutor$Worker.run(ThreadPoolExecutor.java:642)
at java.base/java.lang.Thread.run(Thread.java:1583)
]]>
            </full-stacktrace>
          </exception> <!-- java.lang.Throwable -->
          <reporter-output>
          </reporter-output>
        </test-method> <!-- OrderHistoryTest -->
      </class> <!-- rahulshettyacademy.Tests.PractisePageObject -->
    </test> <!-- Practice page test -->
  </suite> <!-- Suite -->
</testng-results>
